<?xml version="1.0" encoding="UTF-8"?>
<!-- Generated by org.testng.reporters.JUnitReportReporter -->
<testsuite hostname="Hemanths-MacBook-Air.local" failures="0" tests="2" name="MyAtomation.SeleniumAutomation.Tests.TestngTests1" time="29.770" errors="0" timestamp="2024-02-23T15:28:21 EST" skipped="0">
  <testcase classname="MyAtomation.SeleniumAutomation.Tests.TestngTests1" name="test1" time="21.985"/>
  <testcase classname="MyAtomation.SeleniumAutomation.Tests.TestngTests1" name="test2" time="7.785"/>
</testsuite> <!-- MyAtomation.SeleniumAutomation.Tests.TestngTests1 -->
