<?xml version="1.0" encoding="UTF-8"?>
<!-- Generated by org.testng.reporters.JUnitReportReporter -->
<testsuite hostname="Hemanths-MacBook-Air.local" failures="0" tests="1" name="MyAtomation.SeleniumAutomation.AppTest" time="0.004" errors="0" timestamp="2024-02-12T18:45:41 EST" skipped="0">
  <testcase classname="MyAtomation.SeleniumAutomation.AppTest" name="shouldAnswerWithTrue" time="0.004"/>
</testsuite> <!-- MyAtomation.SeleniumAutomation.AppTest -->
