<?xml version="1.0" encoding="UTF-8"?>
<!-- Generated by org.testng.reporters.JUnitReportReporter -->
<testsuite hostname="Hemanths-MacBook-Air.local" failures="0" tests="1" name="MyAtomation.SeleniumAutomation.Tests.CopyEndtoEnd2" time="21.736" errors="0" timestamp="2024-02-15T18:46:59 EST" skipped="0">
  <testcase classname="MyAtomation.SeleniumAutomation.Tests.CopyEndtoEnd2" name="Test1" time="21.736"/>
</testsuite> <!-- MyAtomation.SeleniumAutomation.Tests.CopyEndtoEnd2 -->
