<?xml version="1.0" encoding="UTF-8"?>
<!-- Generated by org.testng.reporters.JUnitReportReporter -->
<testsuite hostname="Hemanths-MacBook-Air.local" failures="0" tests="3" name="MyAtomation.SeleniumAutomation.Tests.TestngTests1" time="53.915" errors="0" timestamp="2024-02-24T18:01:50 EST" skipped="0">
  <testcase classname="MyAtomation.SeleniumAutomation.Tests.TestngTests1" name="test1" time="22.700"/>
  <testcase classname="MyAtomation.SeleniumAutomation.Tests.TestngTests1" name="test2" time="7.901"/>
  <testcase classname="MyAtomation.SeleniumAutomation.Tests.TestngTests1" name="test1" time="23.314"/>
</testsuite> <!-- MyAtomation.SeleniumAutomation.Tests.TestngTests1 -->
