<?xml version="1.0" encoding="UTF-8"?>
<!-- Generated by org.testng.reporters.JUnitReportReporter -->
<testsuite hostname="Hemanths-MacBook-Air.local" failures="0" tests="1" name="MyAtomation.SeleniumAutomation.Tests.TestngTests2" time="7.062" errors="0" timestamp="2024-02-23T15:28:21 EST" skipped="0">
  <testcase classname="MyAtomation.SeleniumAutomation.Tests.TestngTests2" name="test3" time="7.062"/>
</testsuite> <!-- MyAtomation.SeleniumAutomation.Tests.TestngTests2 -->
