<?xml version="1.0" encoding="UTF-8"?>
<!-- Generated by org.testng.reporters.JUnitReportReporter -->
<testsuite hostname="Hemanths-MacBook-Air.local" failures="0" tests="3" name="MyAtomation.SeleniumAutomation.Tests.TestngTests1" time="50.886" errors="0" timestamp="2024-02-25T17:01:14 EST" skipped="0">
  <testcase classname="MyAtomation.SeleniumAutomation.Tests.TestngTests1" name="test1" time="22.628"/>
  <testcase classname="MyAtomation.SeleniumAutomation.Tests.TestngTests1" name="test1" time="22.754"/>
  <testcase classname="MyAtomation.SeleniumAutomation.Tests.TestngTests1" name="test2" time="5.504"/>
</testsuite> <!-- MyAtomation.SeleniumAutomation.Tests.TestngTests1 -->
