<?xml version="1.0" encoding="UTF-8"?>
<!-- Generated by org.testng.reporters.JUnitReportReporter -->
<testsuite hostname="Hemanths-MacBook-Air.local" failures="0" tests="3" name="MyAtomation.SeleniumAutomation.Tests.TestngTests1" time="49.464" errors="0" timestamp="2024-02-25T13:49:03 EST" skipped="0">
  <testcase classname="MyAtomation.SeleniumAutomation.Tests.TestngTests1" name="test1" time="21.941"/>
  <testcase classname="MyAtomation.SeleniumAutomation.Tests.TestngTests1" name="test2" time="5.443"/>
  <testcase classname="MyAtomation.SeleniumAutomation.Tests.TestngTests1" name="test1" time="22.080"/>
</testsuite> <!-- MyAtomation.SeleniumAutomation.Tests.TestngTests1 -->
